{"message":"Could not get the genres...","stack":"Error: Could not get the genres...\n    at /Users/SteveO 1/Desktop/JavaScript/hackerPractice/vidly/routes/genres.js:19:11\n    at newFn (/Users/SteveO 1/Desktop/JavaScript/hackerPractice/vidly/node_modules/express-async-errors/index.js:16:20)\n    at Layer.handle [as handle_request] (/Users/SteveO 1/Desktop/JavaScript/hackerPractice/vidly/node_modules/express/lib/router/layer.js:95:5)\n    at next (/Users/SteveO 1/Desktop/JavaScript/hackerPractice/vidly/node_modules/express/lib/router/route.js:137:13)\n    at Route.dispatch (/Users/SteveO 1/Desktop/JavaScript/hackerPractice/vidly/node_modules/express/lib/router/route.js:112:3)\n    at newFn (/Users/SteveO 1/Desktop/JavaScript/hackerPractice/vidly/node_modules/express-async-errors/index.js:16:20)\n    at Layer.handle [as handle_request] (/Users/SteveO 1/Desktop/JavaScript/hackerPractice/vidly/node_modules/express/lib/router/layer.js:95:5)\n    at /Users/SteveO 1/Desktop/JavaScript/hackerPractice/vidly/node_modules/express/lib/router/index.js:281:22\n    at Function.process_params (/Users/SteveO 1/Desktop/JavaScript/hackerPractice/vidly/node_modules/express/lib/router/index.js:335:12)\n    at next (/Users/SteveO 1/Desktop/JavaScript/hackerPractice/vidly/node_modules/express/lib/router/index.js:275:10)\n    at Function.handle (/Users/SteveO 1/Desktop/JavaScript/hackerPractice/vidly/node_modules/express/lib/router/index.js:174:3)\n    at router (/Users/SteveO 1/Desktop/JavaScript/hackerPractice/vidly/node_modules/express/lib/router/index.js:47:12)\n    at newFn (/Users/SteveO 1/Desktop/JavaScript/hackerPractice/vidly/node_modules/express-async-errors/index.js:16:20)\n    at Layer.handle [as handle_request] (/Users/SteveO 1/Desktop/JavaScript/hackerPractice/vidly/node_modules/express/lib/router/layer.js:95:5)\n    at trim_prefix (/Users/SteveO 1/Desktop/JavaScript/hackerPractice/vidly/node_modules/express/lib/router/index.js:317:13)\n    at /Users/SteveO 1/Desktop/JavaScript/hackerPractice/vidly/node_modules/express/lib/router/index.js:284:7\n    at Function.process_params (/Users/SteveO 1/Desktop/JavaScript/hackerPractice/vidly/node_modules/express/lib/router/index.js:335:12)\n    at next (/Users/SteveO 1/Desktop/JavaScript/hackerPractice/vidly/node_modules/express/lib/router/index.js:275:10)\n    at jsonParser (/Users/SteveO 1/Desktop/JavaScript/hackerPractice/vidly/node_modules/body-parser/lib/types/json.js:110:7)\n    at newFn (/Users/SteveO 1/Desktop/JavaScript/hackerPractice/vidly/node_modules/express-async-errors/index.js:16:20)\n    at Layer.handle [as handle_request] (/Users/SteveO 1/Desktop/JavaScript/hackerPractice/vidly/node_modules/express/lib/router/layer.js:95:5)\n    at trim_prefix (/Users/SteveO 1/Desktop/JavaScript/hackerPractice/vidly/node_modules/express/lib/router/index.js:317:13)","level":"error","timestamp":"2020-05-21T10:43:50.597Z"}
{"message":"Could not get the genres...","stack":"Error: Could not get the genres...\n    at /Users/SteveO 1/Desktop/JavaScript/hackerPractice/vidly/routes/genres.js:19:11\n    at newFn (/Users/SteveO 1/Desktop/JavaScript/hackerPractice/vidly/node_modules/express-async-errors/index.js:16:20)\n    at Layer.handle [as handle_request] (/Users/SteveO 1/Desktop/JavaScript/hackerPractice/vidly/node_modules/express/lib/router/layer.js:95:5)\n    at next (/Users/SteveO 1/Desktop/JavaScript/hackerPractice/vidly/node_modules/express/lib/router/route.js:137:13)\n    at Route.dispatch (/Users/SteveO 1/Desktop/JavaScript/hackerPractice/vidly/node_modules/express/lib/router/route.js:112:3)\n    at newFn (/Users/SteveO 1/Desktop/JavaScript/hackerPractice/vidly/node_modules/express-async-errors/index.js:16:20)\n    at Layer.handle [as handle_request] (/Users/SteveO 1/Desktop/JavaScript/hackerPractice/vidly/node_modules/express/lib/router/layer.js:95:5)\n    at /Users/SteveO 1/Desktop/JavaScript/hackerPractice/vidly/node_modules/express/lib/router/index.js:281:22\n    at Function.process_params (/Users/SteveO 1/Desktop/JavaScript/hackerPractice/vidly/node_modules/express/lib/router/index.js:335:12)\n    at next (/Users/SteveO 1/Desktop/JavaScript/hackerPractice/vidly/node_modules/express/lib/router/index.js:275:10)\n    at Function.handle (/Users/SteveO 1/Desktop/JavaScript/hackerPractice/vidly/node_modules/express/lib/router/index.js:174:3)\n    at router (/Users/SteveO 1/Desktop/JavaScript/hackerPractice/vidly/node_modules/express/lib/router/index.js:47:12)\n    at newFn (/Users/SteveO 1/Desktop/JavaScript/hackerPractice/vidly/node_modules/express-async-errors/index.js:16:20)\n    at Layer.handle [as handle_request] (/Users/SteveO 1/Desktop/JavaScript/hackerPractice/vidly/node_modules/express/lib/router/layer.js:95:5)\n    at trim_prefix (/Users/SteveO 1/Desktop/JavaScript/hackerPractice/vidly/node_modules/express/lib/router/index.js:317:13)\n    at /Users/SteveO 1/Desktop/JavaScript/hackerPractice/vidly/node_modules/express/lib/router/index.js:284:7\n    at Function.process_params (/Users/SteveO 1/Desktop/JavaScript/hackerPractice/vidly/node_modules/express/lib/router/index.js:335:12)\n    at next (/Users/SteveO 1/Desktop/JavaScript/hackerPractice/vidly/node_modules/express/lib/router/index.js:275:10)\n    at jsonParser (/Users/SteveO 1/Desktop/JavaScript/hackerPractice/vidly/node_modules/body-parser/lib/types/json.js:110:7)\n    at newFn (/Users/SteveO 1/Desktop/JavaScript/hackerPractice/vidly/node_modules/express-async-errors/index.js:16:20)\n    at Layer.handle [as handle_request] (/Users/SteveO 1/Desktop/JavaScript/hackerPractice/vidly/node_modules/express/lib/router/layer.js:95:5)\n    at trim_prefix (/Users/SteveO 1/Desktop/JavaScript/hackerPractice/vidly/node_modules/express/lib/router/index.js:317:13)","level":"error","timestamp":"2020-05-21T11:09:53.732Z"}
{"message":"Mmh something failed during startup...","stack":"Error: Mmh something failed during startup...\n    at Object.<anonymous> (/Users/SteveO 1/Desktop/JavaScript/hackerPractice/vidly/index.js:34:7)\n    at Module._compile (internal/modules/cjs/loader.js:1176:30)\n    at Object.Module._extensions..js (internal/modules/cjs/loader.js:1196:10)\n    at Module.load (internal/modules/cjs/loader.js:1040:32)\n    at Function.Module._load (internal/modules/cjs/loader.js:929:14)\n    at Function.executeUserEntryPoint [as runMain] (internal/modules/run_main.js:71:12)\n    at internal/main/run_main_module.js:17:47","level":"error","timestamp":"2020-05-21T11:26:21.085Z"}
{"message":"Dude something went tits up!","stack":"Error: Dude something went tits up!\n    at Object.<anonymous> (/Users/SteveO 1/Desktop/JavaScript/hackerPractice/vidly/index.js:40:26)\n    at Module._compile (internal/modules/cjs/loader.js:1176:30)\n    at Object.Module._extensions..js (internal/modules/cjs/loader.js:1196:10)\n    at Module.load (internal/modules/cjs/loader.js:1040:32)\n    at Function.Module._load (internal/modules/cjs/loader.js:929:14)\n    at Function.executeUserEntryPoint [as runMain] (internal/modules/run_main.js:71:12)\n    at internal/main/run_main_module.js:17:47","level":"error","timestamp":"2020-05-21T11:37:28.721Z"}
{"message":"Connected to mongodb://localhost/vidly_tests...:)","level":"info"}
{"message":"Connected to mongodb://localhost/vidly_tests...:)","level":"info"}
{"message":"Connected to mongodb://localhost/vidly_tests...:)","level":"info"}
{"message":"Connected to mongodb://localhost/vidly_tests...:)","level":"info"}
{"message":"Connected to mongodb://localhost/vidly_tests...:)","level":"info"}
{"message":"Connected to mongodb://localhost/vidly_tests...:)","level":"info"}
{"message":"Connected to mongodb://localhost/vidly_tests...:)","level":"info"}
{"message":"Connected to mongodb://localhost/vidly_tests...:)","level":"info"}
{"message":"Connected to mongodb://localhost/vidly_tests...:)","level":"info"}
{"message":"Listening on port 3000...","level":"info"}
{"message":"Connected to mongodb://localhost/vidly_tests...:)","level":"info"}
{"message":"Listening on port 3000...","level":"info"}
{"message":"Connected to mongodb://localhost/vidly_tests...:)","level":"info"}
{"message":"Listening on port 3000...","level":"info"}
{"message":"Connected to mongodb://localhost/vidly_tests...:)","level":"info"}
{"message":"Listening on port 3000...","level":"info"}
{"message":"Connected to mongodb://localhost/vidly_tests...:)","level":"info"}
{"message":"Listening on port 3000...","level":"info"}
{"message":"Connected to mongodb://localhost/vidly_tests...:)","level":"info"}
{"message":"Listening on port 3000...","level":"info"}
{"message":"Connected to mongodb://localhost/vidly_tests...:)","level":"info"}
{"message":"Listening on port 3000...","level":"info"}
{"message":"Connected to mongodb://localhost/vidly_tests...:)","level":"info"}
{"message":"Listening on port 3000...","level":"info"}
{"message":"Connected to mongodb://localhost/vidly_tests...:)","level":"info"}
{"message":"Listening on port 3000...","level":"info"}
{"message":"Connected to mongodb://localhost/vidly_tests...:)","level":"info"}
{"message":"Listening on port 3000...","level":"info"}
{"message":"Connected to mongodb://localhost/vidly_tests...:)","level":"info"}
{"message":"Listening on port 3000...","level":"info"}
{"message":"Connected to mongodb://localhost/vidly_tests...:)","level":"info"}
{"message":"Listening on port 3000...","level":"info"}
{"message":"Connected to mongodb://localhost/vidly_tests...:)","level":"info"}
{"message":"Listening on port 3000...","level":"info"}
{"message":"Connected to mongodb://localhost/vidly_tests...:)","level":"info"}
{"message":"Listening on port 3000...","level":"info"}
{"message":"Connected to mongodb://localhost/vidly_tests...:)","level":"info"}
{"message":"Listening on port 3000...","level":"info"}
{"message":"Connected to mongodb://localhost/vidly_tests...:)","level":"info"}
{"message":"Listening on port 3000...","level":"info"}
{"message":"Connected to mongodb://localhost/vidly_tests...:)","level":"info"}
{"message":"Listening on port 3000...","level":"info"}
{"message":"Connected to mongodb://localhost/vidly_tests...:)","level":"info"}
{"message":"Listening on port 3000...","level":"info"}
{"message":"Connected to mongodb://localhost/vidly_tests...:)","level":"info"}
{"message":"Listening on port 3000...","level":"info"}
{"message":"Connected to mongodb://localhost/vidly_tests...:)","level":"info"}
{"message":"Listening on port 3000...","level":"info"}
{"message":"Connected to mongodb://localhost/vidly_tests...:)","level":"info"}
{"message":"Listening on port 3000...","level":"info"}
{"message":"Connected to mongodb://localhost/vidly_tests...:)","level":"info"}
{"message":"Listening on port 3000...","level":"info"}
{"message":"Connected to mongodb://localhost/vidly_tests...:)","level":"info"}
{"message":"Listening on port 3000...","level":"info"}
{"message":"Connected to mongodb://localhost/vidly_tests...:)","level":"info"}
{"message":"Listening on port 3000...","level":"info"}
{"message":"Connected to mongodb://localhost/vidly_tests...:)","level":"info"}
{"message":"Listening on port 3000...","level":"info"}
{"message":"Connected to mongodb://localhost/vidly_tests...:)","level":"info"}
{"message":"Listening on port 3000...","level":"info"}
{"message":"Connected to mongodb://localhost/vidly_tests...:)","level":"info"}
{"message":"Listening on port 3000...","level":"info"}
{"message":"Connected to mongodb://localhost/vidly_tests...:)","level":"info"}
{"message":"Listening on port 3000...","level":"info"}
{"message":"Connected to mongodb://localhost/vidly_tests...:)","level":"info"}
{"message":"Listening on port 3000...","level":"info"}
{"message":"Connected to mongodb://localhost/vidly_tests...:)","level":"info"}
{"message":"Listening on port 3000...","level":"info"}
{"message":"Connected to mongodb://localhost/vidly_tests...:)","level":"info"}
{"message":"Listening on port 3000...","level":"info"}
{"message":"Connected to mongodb://localhost/vidly_tests...:)","level":"info"}
{"message":"Listening on port 3000...","level":"info"}
{"message":"Connected to mongodb://localhost/vidly_tests...:)","level":"info"}
{"message":"Listening on port 3000...","level":"info"}
{"message":"Connected to mongodb://localhost/vidly_tests...:)","level":"info"}
{"message":"Listening on port 3000...","level":"info"}
{"message":"Connected to mongodb://localhost/vidly_tests...:)","level":"info"}
{"message":"Listening on port 3000...","level":"info"}
{"message":"Connected to mongodb://localhost/vidly_tests...:)","level":"info"}
{"message":"Listening on port 3000...","level":"info"}
{"message":"Connected to mongodb://localhost/vidly_tests...:)","level":"info"}
{"message":"Listening on port 3000...","level":"info"}
{"message":"Connected to mongodb://localhost/vidly_tests...:)","level":"info"}
{"message":"Listening on port 3000...","level":"info"}
{"message":"Connected to mongodb://localhost/vidly_tests...:)","level":"info"}
{"message":"Listening on port 3000...","level":"info"}
{"message":"Connected to mongodb://localhost/vidly_tests...:)","level":"info"}
{"message":"Listening on port 3000...","level":"info"}
{"message":"Connected to mongodb://localhost/vidly_tests...:)","level":"info"}
{"message":"Listening on port 3000...","level":"info"}
{"message":"Connected to mongodb://localhost/vidly_tests...:)","level":"info"}
{"message":"Listening on port 3000...","level":"info"}
{"message":"Connected to mongodb://localhost/vidly_tests...:)","level":"info"}
{"message":"Listening on port 3000...","level":"info"}
{"message":"Connected to mongodb://localhost/vidly_tests...:)","level":"info"}
{"message":"Listening on port 3000...","level":"info"}
{"message":"Connected to mongodb://localhost/vidly_tests...:)","level":"info"}
{"message":"Listening on port 3000...","level":"info"}
{"message":"Connected to mongodb://localhost/vidly_tests...:)","level":"info"}
{"message":"Listening on port 3000...","level":"info"}
{"message":"Connected to mongodb://localhost/vidly_tests...:)","level":"info"}
{"message":"Listening on port 3000...","level":"info"}
{"message":"Connected to mongodb://localhost/vidly_tests...:)","level":"info"}
{"message":"Listening on port 3000...","level":"info"}
{"message":"Connected to mongodb://localhost/vidly_tests...:)","level":"info"}
{"message":"Listening on port 3000...","level":"info"}
{"message":"Connected to mongodb://localhost/vidly_tests...:)","level":"info"}
{"message":"Listening on port 3000...","level":"info"}
{"message":"Connected to mongodb://localhost/vidly_tests...:)","level":"info"}
{"message":"Listening on port 3000...","level":"info"}
{"message":"Connected to mongodb://localhost/vidly_tests...:)","level":"info"}
{"message":"Listening on port 3000...","level":"info"}
{"message":"Connected to mongodb://localhost/vidly_tests...:)","level":"info"}
{"message":"Listening on port 3000...","level":"info"}
{"message":"Connected to mongodb://localhost/vidly_tests...:)","level":"info"}
{"message":"Listening on port 3000...","level":"info"}
{"message":"Connected to mongodb://localhost/vidly_tests...:)","level":"info"}
{"message":"Listening on port 3000...","level":"info"}
{"message":"Connected to mongodb://localhost/vidly_tests...:)","level":"info"}
{"message":"Listening on port 3000...","level":"info"}
{"message":"Connected to mongodb://localhost/vidly_tests...:)","level":"info"}
{"message":"Listening on port 3000...","level":"info"}
{"message":"Connected to mongodb://localhost/vidly_tests...:)","level":"info"}
{"message":"Listening on port 3000...","level":"info"}
{"message":"Connected to mongodb://localhost/vidly_tests...:)","level":"info"}
{"message":"Listening on port 3000...","level":"info"}
{"message":"Connected to mongodb://localhost/vidly_tests...:)","level":"info"}
{"message":"Listening on port 3000...","level":"info"}
{"message":"Connected to mongodb://localhost/vidly_tests...:)","level":"info"}
{"message":"Listening on port 3000...","level":"info"}
{"message":"Connected to mongodb://localhost/vidly_tests...:)","level":"info"}
{"message":"Listening on port 3000...","level":"info"}
{"message":"Connected to mongodb://localhost/vidly_tests...:)","level":"info"}
{"stringValue":"\"1\"","kind":"ObjectId","value":"1","path":"_id","reason":{},"level":"error","message":"Cast to ObjectId failed for value \"1\" at path \"_id\" for model \"Genre\"Cast to ObjectId failed for value \"1\" at path \"_id\" for model \"Genre\"","stack":"CastError: Cast to ObjectId failed for value \"1\" at path \"_id\" for model \"Genre\"\n    at model.Query.exec (/Users/SteveO 1/Desktop/JavaScript/hackerPractice/vidly/node_modules/mongoose/lib/query.js:4351:21)\n    at model.Query.Query.then (/Users/SteveO 1/Desktop/JavaScript/hackerPractice/vidly/node_modules/mongoose/lib/query.js:4443:15)\n    at runMicrotasks (<anonymous>)\n    at processTicksAndRejections (internal/process/task_queues.js:97:5)"}
{"message":"Listening on port 3000...","level":"info"}
{"message":"Connected to mongodb://localhost/vidly_tests...:)","level":"info"}
{"stringValue":"\"1\"","kind":"ObjectId","value":"1","path":"_id","reason":{},"level":"error","message":"Cast to ObjectId failed for value \"1\" at path \"_id\" for model \"Genre\"Cast to ObjectId failed for value \"1\" at path \"_id\" for model \"Genre\"","stack":"CastError: Cast to ObjectId failed for value \"1\" at path \"_id\" for model \"Genre\"\n    at model.Query.exec (/Users/SteveO 1/Desktop/JavaScript/hackerPractice/vidly/node_modules/mongoose/lib/query.js:4351:21)\n    at model.Query.Query.then (/Users/SteveO 1/Desktop/JavaScript/hackerPractice/vidly/node_modules/mongoose/lib/query.js:4443:15)\n    at processTicksAndRejections (internal/process/task_queues.js:97:5)"}
{"message":"Listening on port 3000...","level":"info"}
{"message":"Connected to mongodb://localhost/vidly_tests...:)","level":"info"}
{"stringValue":"\"1\"","kind":"ObjectId","value":"1","path":"_id","reason":{},"level":"error","message":"Cast to ObjectId failed for value \"1\" at path \"_id\" for model \"Genre\"Cast to ObjectId failed for value \"1\" at path \"_id\" for model \"Genre\"","stack":"CastError: Cast to ObjectId failed for value \"1\" at path \"_id\" for model \"Genre\"\n    at model.Query.exec (/Users/SteveO 1/Desktop/JavaScript/hackerPractice/vidly/node_modules/mongoose/lib/query.js:4351:21)\n    at model.Query.Query.then (/Users/SteveO 1/Desktop/JavaScript/hackerPractice/vidly/node_modules/mongoose/lib/query.js:4443:15)\n    at runMicrotasks (<anonymous>)\n    at processTicksAndRejections (internal/process/task_queues.js:97:5)"}
{"message":"Listening on port 3000...","level":"info"}
{"message":"Connected to mongodb://localhost/vidly_tests...:)","level":"info"}
{"message":"Listening on port 3000...","level":"info"}
{"message":"Connected to mongodb://localhost/vidly_tests...:)","level":"info"}
{"message":"Listening on port 3000...","level":"info"}
{"message":"Connected to mongodb://localhost/vidly_tests...:)","level":"info"}
{"message":"Listening on port 3000...","level":"info"}
{"message":"Connected to mongodb://localhost/vidly_tests...:)","level":"info"}
{"message":"Listening on port 3000...","level":"info"}
{"message":"Connected to mongodb://localhost/vidly_tests...:)","level":"info"}
{"message":"Listening on port 3000...","level":"info"}
{"message":"Connected to mongodb://localhost/vidly_tests...:)","level":"info"}
{"message":"Listening on port 3000...","level":"info"}
{"message":"Connected to mongodb://localhost/vidly_tests...:)","level":"info"}
{"message":"Listening on port 3000...","level":"info"}
{"message":"Connected to mongodb://localhost/vidly_tests...:)","level":"info"}
{"message":"Listening on port 3000...","level":"info"}
{"message":"Connected to mongodb://localhost/vidly_tests...:)","level":"info"}
{"message":"Listening on port 3000...","level":"info"}
{"message":"Connected to mongodb://localhost/vidly_tests...:)","level":"info"}
{"message":"Listening on port 3000...","level":"info"}
{"message":"Connected to mongodb://localhost/vidly_tests...:)","level":"info"}
{"message":"Listening on port 3000...","level":"info"}
{"message":"Connected to mongodb://localhost/vidly_tests...:)","level":"info"}
{"message":"Listening on port 3000...","level":"info"}
{"message":"Connected to mongodb://localhost/vidly_tests...:)","level":"info"}
